# JRE version: Java(TM) SE Runtime Environment (7.0_45-b18) (build 1.7.0_45-b18)
# Java VM: Java HotSpot(TM) 64-Bit Server VM (24.45-b08 mixed mode bsd-amd64 compressed oops)
Heap
 PSYoungGen      total 183808K, used 177152K [0x00000007eaa80000, 0x00000007f9280000, 0x0000000800000000)
  eden space 177152K, 100% used [0x00000007eaa80000,0x00000007f5780000,0x00000007f5780000)
  from space 6656K, 0% used [0x00000007f5780000,0x00000007f5780000,0x00000007f5e00000)
  to   space 30208K, 32% used [0x00000007f7500000,0x00000007f7e9c990,0x00000007f9280000)
 ParOldGen       total 200704K, used 132237K [0x00000007c0000000, 0x00000007cc400000, 0x00000007eaa80000)
  object space 200704K, 65% used [0x00000007c0000000,0x00000007c81234f0,0x00000007cc400000)
 PSPermGen       total 262144K, used 250699K [0x00000007b0000000, 0x00000007c0000000, 0x00000007c0000000)
  object space 262144K, 95% used [0x00000007b0000000,0x00000007bf4d2da8,0x00000007c0000000)
GC Heap History (10 events):
Event: 17996.452 GC heap after
Heap after GC invocations=134 (full 35):
 PSYoungGen      total 214016K, used 5837K [0x00000007eaa80000, 0x00000007f9880000, 0x0000000800000000)
  eden space 184320K, 0% used [0x00000007eaa80000,0x00000007eaa80000,0x00000007f5e80000)
  from space 29696K, 19% used [0x00000007f5e80000,0x00000007f64337f0,0x00000007f7b80000)
  to   space 29696K, 0% used [0x00000007f7b80000,0x00000007f7b80000,0x00000007f9880000)
 ParOldGen       total 200704K, used 175458K [0x00000007c0000000, 0x00000007cc400000, 0x00000007eaa80000)
  object space 200704K, 87% used [0x00000007c0000000,0x00000007cab588d8,0x00000007cc400000)
 PSPermGen       total 252928K, used 235926K [0x00000007b0000000, 0x00000007bf700000, 0x00000007c0000000)
  object space 252928K, 93% used [0x00000007b0000000,0x00000007be665850,0x00000007bf700000)
}
Event: 17996.452 GC heap before
{Heap before GC invocations=135 (full 36):
 PSYoungGen      total 214016K, used 5837K [0x00000007eaa80000, 0x00000007f9880000, 0x0000000800000000)
  eden space 184320K, 0% used [0x00000007eaa80000,0x00000007eaa80000,0x00000007f5e80000)
  from space 29696K, 19% used [0x00000007f5e80000,0x00000007f64337f0,0x00000007f7b80000)
  to   space 29696K, 0% used [0x00000007f7b80000,0x00000007f7b80000,0x00000007f9880000)
 ParOldGen       total 200704K, used 175458K [0x00000007c0000000, 0x00000007cc400000, 0x00000007eaa80000)
  object space 200704K, 87% used [0x00000007c0000000,0x00000007cab588d8,0x00000007cc400000)
 PSPermGen       total 252928K, used 235926K [0x00000007b0000000, 0x00000007bf700000, 0x00000007c0000000)
  object space 252928K, 93% used [0x00000007b0000000,0x00000007be665850,0x00000007bf700000)
Event: 17997.254 GC heap after
Heap after GC invocations=135 (full 36):
 PSYoungGen      total 214016K, used 0K [0x00000007eaa80000, 0x00000007f9880000, 0x0000000800000000)
  eden space 184320K, 0% used [0x00000007eaa80000,0x00000007eaa80000,0x00000007f5e80000)
  from space 29696K, 0% used [0x00000007f5e80000,0x00000007f5e80000,0x00000007f7b80000)
  to   space 29696K, 0% used [0x00000007f7b80000,0x00000007f7b80000,0x00000007f9880000)
 ParOldGen       total 200704K, used 139374K [0x00000007c0000000, 0x00000007cc400000, 0x00000007eaa80000)
  object space 200704K, 69% used [0x00000007c0000000,0x00000007c881b870,0x00000007cc400000)
 PSPermGen       total 260096K, used 235169K [0x00000007b0000000, 0x00000007bfe00000, 0x00000007c0000000)
  object space 260096K, 90% used [0x00000007b0000000,0x00000007be5a8400,0x00000007bfe00000)
}
Event: 18465.559 GC heap before
{Heap before GC invocations=136 (full 36):
 PSYoungGen      total 214016K, used 184320K [0x00000007eaa80000, 0x00000007f9880000, 0x0000000800000000)
  eden space 184320K, 100% used [0x00000007eaa80000,0x00000007f5e80000,0x00000007f5e80000)
  from space 29696K, 0% used [0x00000007f5e80000,0x00000007f5e80000,0x00000007f7b80000)
  to   space 29696K, 0% used [0x00000007f7b80000,0x00000007f7b80000,0x00000007f9880000)
 ParOldGen       total 200704K, used 139374K [0x00000007c0000000, 0x00000007cc400000, 0x00000007eaa80000)
  object space 200704K, 69% used [0x00000007c0000000,0x00000007c881b870,0x00000007cc400000)
 PSPermGen       total 260096K, used 242336K [0x00000007b0000000, 0x00000007bfe00000, 0x00000007c0000000)
  object space 260096K, 93% used [0x00000007b0000000,0x00000007beca8328,0x00000007bfe00000)
Event: 18465.588 GC heap after
Heap after GC invocations=136 (full 36):
 PSYoungGen      total 201728K, used 20353K [0x00000007eaa80000, 0x00000007f9380000, 0x0000000800000000)
  eden space 177152K, 0% used [0x00000007eaa80000,0x00000007eaa80000,0x00000007f5780000)
  from space 24576K, 82% used [0x00000007f7b80000,0x00000007f8f60450,0x00000007f9380000)
  to   space 30720K, 0% used [0x00000007f5780000,0x00000007f5780000,0x00000007f7580000)
 ParOldGen       total 200704K, used 139374K [0x00000007c0000000, 0x00000007cc400000, 0x00000007eaa80000)
  object space 200704K, 69% used [0x00000007c0000000,0x00000007c881b870,0x00000007cc400000)
 PSPermGen       total 260096K, used 242336K [0x00000007b0000000, 0x00000007bfe00000, 0x00000007c0000000)
  object space 260096K, 93% used [0x00000007b0000000,0x00000007beca8328,0x00000007bfe00000)
}
Event: 18471.875 GC heap before
{Heap before GC invocations=137 (full 36):
 PSYoungGen      total 201728K, used 114752K [0x00000007eaa80000, 0x00000007f9380000, 0x0000000800000000)
  eden space 177152K, 53% used [0x00000007eaa80000,0x00000007f06afe70,0x00000007f5780000)
  from space 24576K, 82% used [0x00000007f7b80000,0x00000007f8f60450,0x00000007f9380000)
  to   space 30720K, 0% used [0x00000007f5780000,0x00000007f5780000,0x00000007f7580000)
 ParOldGen       total 200704K, used 139374K [0x00000007c0000000, 0x00000007cc400000, 0x00000007eaa80000)
  object space 200704K, 69% used [0x00000007c0000000,0x00000007c881b870,0x00000007cc400000)
 PSPermGen       total 260096K, used 244114K [0x00000007b0000000, 0x00000007bfe00000, 0x00000007c0000000)
  object space 260096K, 93% used [0x00000007b0000000,0x00000007bee64bb8,0x00000007bfe00000)
Event: 18471.905 GC heap after
Heap after GC invocations=137 (full 36):
 PSYoungGen      total 183808K, used 6590K [0x00000007eaa80000, 0x00000007f9280000, 0x0000000800000000)
  eden space 177152K, 0% used [0x00000007eaa80000,0x00000007eaa80000,0x00000007f5780000)
  from space 6656K, 99% used [0x00000007f5780000,0x00000007f5defb68,0x00000007f5e00000)
  to   space 30208K, 0% used [0x00000007f7500000,0x00000007f7500000,0x00000007f9280000)
 ParOldGen       total 200704K, used 150867K [0x00000007c0000000, 0x00000007cc400000, 0x00000007eaa80000)
  object space 200704K, 75% used [0x00000007c0000000,0x00000007c9354de0,0x00000007cc400000)
 PSPermGen       total 260096K, used 244114K [0x00000007b0000000, 0x00000007bfe00000, 0x00000007c0000000)
  object space 260096K, 93% used [0x00000007b0000000,0x00000007bee64bb8,0x00000007bfe00000)
}
Event: 18471.905 GC heap before
{Heap before GC invocations=138 (full 37):
 PSYoungGen      total 183808K, used 6590K [0x00000007eaa80000, 0x00000007f9280000, 0x0000000800000000)
  eden space 177152K, 0% used [0x00000007eaa80000,0x00000007eaa80000,0x00000007f5780000)
  from space 6656K, 99% used [0x00000007f5780000,0x00000007f5defb68,0x00000007f5e00000)
  to   space 30208K, 0% used [0x00000007f7500000,0x00000007f7500000,0x00000007f9280000)
 ParOldGen       total 200704K, used 150867K [0x00000007c0000000, 0x00000007cc400000, 0x00000007eaa80000)
  object space 200704K, 75% used [0x00000007c0000000,0x00000007c9354de0,0x00000007cc400000)
 PSPermGen       total 260096K, used 244114K [0x00000007b0000000, 0x00000007bfe00000, 0x00000007c0000000)
  object space 260096K, 93% used [0x00000007b0000000,0x00000007bee64bb8,0x00000007bfe00000)
Event: 18472.782 GC heap after
Heap after GC invocations=138 (full 37):
 PSYoungGen      total 183808K, used 0K [0x00000007eaa80000, 0x00000007f9280000, 0x0000000800000000)
  eden space 177152K, 0% used [0x00000007eaa80000,0x00000007eaa80000,0x00000007f5780000)
  from space 6656K, 0% used [0x00000007f5780000,0x00000007f5780000,0x00000007f5e00000)
  to   space 30208K, 0% used [0x00000007f7500000,0x00000007f7500000,0x00000007f9280000)
 ParOldGen       total 200704K, used 132237K [0x00000007c0000000, 0x00000007cc400000, 0x00000007eaa80000)
  object space 200704K, 65% used [0x00000007c0000000,0x00000007c81234f0,0x00000007cc400000)
 PSPermGen       total 262144K, used 243616K [0x00000007b0000000, 0x00000007c0000000, 0x00000007c0000000)
  object space 262144K, 92% used [0x00000007b0000000,0x00000007bede82f0,0x00000007c0000000)
}
Event: 18926.620 GC heap before
{Heap before GC invocations=139 (full 37):
 PSYoungGen      total 183808K, used 177152K [0x00000007eaa80000, 0x00000007f9280000, 0x0000000800000000)
  eden space 177152K, 100% used [0x00000007eaa80000,0x00000007f5780000,0x00000007f5780000)
  from space 6656K, 0% used [0x00000007f5780000,0x00000007f5780000,0x00000007f5e00000)
  to   space 30208K, 0% used [0x00000007f7500000,0x00000007f7500000,0x00000007f9280000)
 ParOldGen       total 200704K, used 132237K [0x00000007c0000000, 0x00000007cc400000, 0x00000007eaa80000)
  object space 200704K, 65% used [0x00000007c0000000,0x00000007c81234f0,0x00000007cc400000)
 PSPermGen       total 262144K, used 250699K [0x00000007b0000000, 0x00000007c0000000, 0x00000007c0000000)
  object space 262144K, 95% used [0x00000007b0000000,0x00000007bf4d2da8,0x00000007c0000000)

