# JRE version: Java(TM) SE Runtime Environment (7.0_45-b18) (build 1.7.0_45-b18)
# Java VM: Java HotSpot(TM) 64-Bit Server VM (24.45-b08 mixed mode bsd-amd64 compressed oops)
Heap
 PSYoungGen      total 294912K, used 253440K [0x00000007eaa80000, 0x00000007ff480000, 0x0000000800000000)
  eden space 253440K, 100% used [0x00000007eaa80000,0x00000007fa200000,0x00000007fa200000)
  from space 41472K, 0% used [0x00000007fcb00000,0x00000007fcb00000,0x00000007ff380000)
  to   space 41984K, 0% used [0x00000007fa200000,0x00000007fa200000,0x00000007fcb00000)
 ParOldGen       total 87040K, used 72439K [0x00000007c0000000, 0x00000007c5500000, 0x00000007eaa80000)
  object space 87040K, 83% used [0x00000007c0000000,0x00000007c46bdf90,0x00000007c5500000)
 PSPermGen       total 131072K, used 89672K [0x00000007b0000000, 0x00000007b8000000, 0x00000007c0000000)
  object space 131072K, 68% used [0x00000007b0000000,0x00000007b57920d8,0x00000007b8000000)
GC Heap History (10 events):
Event: 38122.791 GC heap after
Heap after GC invocations=19 (full 3):
 PSYoungGen      total 304640K, used 20309K [0x00000007eaa80000, 0x00000007ffb00000, 0x0000000800000000)
  eden space 265728K, 0% used [0x00000007eaa80000,0x00000007eaa80000,0x00000007fae00000)
  from space 38912K, 52% used [0x00000007fd500000,0x00000007fe8d56b8,0x00000007ffb00000)
  to   space 39424K, 0% used [0x00000007fae00000,0x00000007fae00000,0x00000007fd480000)
 ParOldGen       total 87040K, used 44723K [0x00000007c0000000, 0x00000007c5500000, 0x00000007eaa80000)
  object space 87040K, 51% used [0x00000007c0000000,0x00000007c2bacd68,0x00000007c5500000)
 PSPermGen       total 118784K, used 72471K [0x00000007b0000000, 0x00000007b7400000, 0x00000007c0000000)
  object space 118784K, 61% used [0x00000007b0000000,0x00000007b46c5ed0,0x00000007b7400000)
}
Event: 38122.791 GC heap before
{Heap before GC invocations=20 (full 4):
 PSYoungGen      total 304640K, used 20309K [0x00000007eaa80000, 0x00000007ffb00000, 0x0000000800000000)
  eden space 265728K, 0% used [0x00000007eaa80000,0x00000007eaa80000,0x00000007fae00000)
  from space 38912K, 52% used [0x00000007fd500000,0x00000007fe8d56b8,0x00000007ffb00000)
  to   space 39424K, 0% used [0x00000007fae00000,0x00000007fae00000,0x00000007fd480000)
 ParOldGen       total 87040K, used 44723K [0x00000007c0000000, 0x00000007c5500000, 0x00000007eaa80000)
  object space 87040K, 51% used [0x00000007c0000000,0x00000007c2bacd68,0x00000007c5500000)
 PSPermGen       total 118784K, used 72471K [0x00000007b0000000, 0x00000007b7400000, 0x00000007c0000000)
  object space 118784K, 61% used [0x00000007b0000000,0x00000007b46c5ed0,0x00000007b7400000)
Event: 38123.337 GC heap after
Heap after GC invocations=20 (full 4):
 PSYoungGen      total 304640K, used 0K [0x00000007eaa80000, 0x00000007ffb00000, 0x0000000800000000)
  eden space 265728K, 0% used [0x00000007eaa80000,0x00000007eaa80000,0x00000007fae00000)
  from space 38912K, 0% used [0x00000007fd500000,0x00000007fd500000,0x00000007ffb00000)
  to   space 39424K, 0% used [0x00000007fae00000,0x00000007fae00000,0x00000007fd480000)
 ParOldGen       total 87040K, used 63100K [0x00000007c0000000, 0x00000007c5500000, 0x00000007eaa80000)
  object space 87040K, 72% used [0x00000007c0000000,0x00000007c3d9f3b8,0x00000007c5500000)
 PSPermGen       total 124928K, used 72431K [0x00000007b0000000, 0x00000007b7a00000, 0x00000007c0000000)
  object space 124928K, 57% used [0x00000007b0000000,0x00000007b46bbdd0,0x00000007b7a00000)
}
Event: 38260.448 GC heap before
{Heap before GC invocations=21 (full 4):
 PSYoungGen      total 304640K, used 265728K [0x00000007eaa80000, 0x00000007ffb00000, 0x0000000800000000)
  eden space 265728K, 100% used [0x00000007eaa80000,0x00000007fae00000,0x00000007fae00000)
  from space 38912K, 0% used [0x00000007fd500000,0x00000007fd500000,0x00000007ffb00000)
  to   space 39424K, 0% used [0x00000007fae00000,0x00000007fae00000,0x00000007fd480000)
 ParOldGen       total 87040K, used 63100K [0x00000007c0000000, 0x00000007c5500000, 0x00000007eaa80000)
  object space 87040K, 72% used [0x00000007c0000000,0x00000007c3d9f3b8,0x00000007c5500000)
 PSPermGen       total 124928K, used 80876K [0x00000007b0000000, 0x00000007b7a00000, 0x00000007c0000000)
  object space 124928K, 64% used [0x00000007b0000000,0x00000007b4efb210,0x00000007b7a00000)
Event: 38260.492 GC heap after
Heap after GC invocations=21 (full 4):
 PSYoungGen      total 281600K, used 27292K [0x00000007eaa80000, 0x00000007ff380000, 0x0000000800000000)
  eden space 253952K, 0% used [0x00000007eaa80000,0x00000007eaa80000,0x00000007fa280000)
  from space 27648K, 98% used [0x00000007fae00000,0x00000007fc8a73b8,0x00000007fc900000)
  to   space 41472K, 0% used [0x00000007fcb00000,0x00000007fcb00000,0x00000007ff380000)
 ParOldGen       total 87040K, used 63100K [0x00000007c0000000, 0x00000007c5500000, 0x00000007eaa80000)
  object space 87040K, 72% used [0x00000007c0000000,0x00000007c3d9f3b8,0x00000007c5500000)
 PSPermGen       total 124928K, used 80876K [0x00000007b0000000, 0x00000007b7a00000, 0x00000007c0000000)
  object space 124928K, 64% used [0x00000007b0000000,0x00000007b4efb210,0x00000007b7a00000)
}
Event: 38261.324 GC heap before
{Heap before GC invocations=22 (full 4):
 PSYoungGen      total 281600K, used 45449K [0x00000007eaa80000, 0x00000007ff380000, 0x0000000800000000)
  eden space 253952K, 7% used [0x00000007eaa80000,0x00000007ebc3b308,0x00000007fa280000)
  from space 27648K, 98% used [0x00000007fae00000,0x00000007fc8a73b8,0x00000007fc900000)
  to   space 41472K, 0% used [0x00000007fcb00000,0x00000007fcb00000,0x00000007ff380000)
 ParOldGen       total 87040K, used 63100K [0x00000007c0000000, 0x00000007c5500000, 0x00000007eaa80000)
  object space 87040K, 72% used [0x00000007c0000000,0x00000007c3d9f3b8,0x00000007c5500000)
 PSPermGen       total 124928K, used 81520K [0x00000007b0000000, 0x00000007b7a00000, 0x00000007c0000000)
  object space 124928K, 65% used [0x00000007b0000000,0x00000007b4f9c3f0,0x00000007b7a00000)
Event: 38261.354 GC heap after
Heap after GC invocations=22 (full 4):
 PSYoungGen      total 294912K, used 768K [0x00000007eaa80000, 0x00000007ff480000, 0x0000000800000000)
  eden space 253440K, 0% used [0x00000007eaa80000,0x00000007eaa80000,0x00000007fa200000)
  from space 41472K, 1% used [0x00000007fcb00000,0x00000007fcbc0000,0x00000007ff380000)
  to   space 41984K, 0% used [0x00000007fa200000,0x00000007fa200000,0x00000007fcb00000)
 ParOldGen       total 87040K, used 79161K [0x00000007c0000000, 0x00000007c5500000, 0x00000007eaa80000)
  object space 87040K, 90% used [0x00000007c0000000,0x00000007c4d4e480,0x00000007c5500000)
 PSPermGen       total 124928K, used 81520K [0x00000007b0000000, 0x00000007b7a00000, 0x00000007c0000000)
  object space 124928K, 65% used [0x00000007b0000000,0x00000007b4f9c3f0,0x00000007b7a00000)
}
Event: 38261.354 GC heap before
{Heap before GC invocations=23 (full 5):
 PSYoungGen      total 294912K, used 768K [0x00000007eaa80000, 0x00000007ff480000, 0x0000000800000000)
  eden space 253440K, 0% used [0x00000007eaa80000,0x00000007eaa80000,0x00000007fa200000)
  from space 41472K, 1% used [0x00000007fcb00000,0x00000007fcbc0000,0x00000007ff380000)
  to   space 41984K, 0% used [0x00000007fa200000,0x00000007fa200000,0x00000007fcb00000)
 ParOldGen       total 87040K, used 79161K [0x00000007c0000000, 0x00000007c5500000, 0x00000007eaa80000)
  object space 87040K, 90% used [0x00000007c0000000,0x00000007c4d4e480,0x00000007c5500000)
 PSPermGen       total 124928K, used 81520K [0x00000007b0000000, 0x00000007b7a00000, 0x00000007c0000000)
  object space 124928K, 65% used [0x00000007b0000000,0x00000007b4f9c3f0,0x00000007b7a00000)
Event: 38262.067 GC heap after
Heap after GC invocations=23 (full 5):
 PSYoungGen      total 294912K, used 0K [0x00000007eaa80000, 0x00000007ff480000, 0x0000000800000000)
  eden space 253440K, 0% used [0x00000007eaa80000,0x00000007eaa80000,0x00000007fa200000)
  from space 41472K, 0% used [0x00000007fcb00000,0x00000007fcb00000,0x00000007ff380000)
  to   space 41984K, 0% used [0x00000007fa200000,0x00000007fa200000,0x00000007fcb00000)
 ParOldGen       total 87040K, used 72439K [0x00000007c0000000, 0x00000007c5500000, 0x00000007eaa80000)
  object space 87040K, 83% used [0x00000007c0000000,0x00000007c46bdf90,0x00000007c5500000)
 PSPermGen       total 131072K, used 81480K [0x00000007b0000000, 0x00000007b8000000, 0x00000007c0000000)
  object space 131072K, 62% used [0x00000007b0000000,0x00000007b4f92108,0x00000007b8000000)
}
Event: 38371.953 GC heap before
{Heap before GC invocations=24 (full 6):
 PSYoungGen      total 294912K, used 253440K [0x00000007eaa80000, 0x00000007ff480000, 0x0000000800000000)
  eden space 253440K, 100% used [0x00000007eaa80000,0x00000007fa200000,0x00000007fa200000)
  from space 41472K, 0% used [0x00000007fcb00000,0x00000007fcb00000,0x00000007ff380000)
  to   space 41984K, 0% used [0x00000007fa200000,0x00000007fa200000,0x00000007fcb00000)
 ParOldGen       total 87040K, used 72439K [0x00000007c0000000, 0x00000007c5500000, 0x00000007eaa80000)
  object space 87040K, 83% used [0x00000007c0000000,0x00000007c46bdf90,0x00000007c5500000)
 PSPermGen       total 131072K, used 89672K [0x00000007b0000000, 0x00000007b8000000, 0x00000007c0000000)
  object space 131072K, 68% used [0x00000007b0000000,0x00000007b57920d8,0x00000007b8000000)

