# JRE version: Java(TM) SE Runtime Environment (7.0_45-b18) (build 1.7.0_45-b18)
# Java VM: Java HotSpot(TM) 64-Bit Server VM (24.45-b08 mixed mode bsd-amd64 compressed oops)
Heap
 PSYoungGen      total 205824K, used 31629K [0x00000007eaa80000, 0x00000007fab80000, 0x0000000800000000)
  eden space 149504K, 10% used [0x00000007eaa80000,0x00000007eb9b0458,0x00000007f3c80000)
  from space 56320K, 28% used [0x00000007f7480000,0x00000007f8433178,0x00000007fab80000)
  to   space 56832K, 0% used [0x00000007f3c80000,0x00000007f3c80000,0x00000007f7400000)
 ParOldGen       total 667648K, used 117071K [0x00000007c0000000, 0x00000007e8c00000, 0x00000007eaa80000)
  object space 667648K, 17% used [0x00000007c0000000,0x00000007c7253e90,0x00000007e8c00000)
 PSPermGen       total 168448K, used 140693K [0x00000007b0000000, 0x00000007ba480000, 0x00000007c0000000)
  object space 168448K, 83% used [0x00000007b0000000,0x00000007b89657f0,0x00000007ba480000)
GC Heap History (10 events):
Event: 103770.506 GC heap before
{Heap before GC invocations=344 (full 99):
 PSYoungGen      total 203776K, used 164615K [0x00000007eaa80000, 0x00000007fb280000, 0x0000000800000000)
  eden space 148480K, 100% used [0x00000007eaa80000,0x00000007f3b80000,0x00000007f3b80000)
  from space 55296K, 29% used [0x00000007f7c80000,0x00000007f8c41f78,0x00000007fb280000)
  to   space 60928K, 0% used [0x00000007f3b80000,0x00000007f3b80000,0x00000007f7700000)
 ParOldGen       total 667648K, used 124259K [0x00000007c0000000, 0x00000007e8c00000, 0x00000007eaa80000)
  object space 667648K, 18% used [0x00000007c0000000,0x00000007c7958f48,0x00000007e8c00000)
 PSPermGen       total 153600K, used 125371K [0x00000007b0000000, 0x00000007b9600000, 0x00000007c0000000)
  object space 153600K, 81% used [0x00000007b0000000,0x00000007b7a6ef08,0x00000007b9600000)
Event: 103770.526 GC heap after
Heap after GC invocations=344 (full 99):
 PSYoungGen      total 165888K, used 17208K [0x00000007eaa80000, 0x00000007fb000000, 0x0000000800000000)
  eden space 148480K, 0% used [0x00000007eaa80000,0x00000007eaa80000,0x00000007f3b80000)
  from space 17408K, 98% used [0x00000007f3b80000,0x00000007f4c4e248,0x00000007f4c80000)
  to   space 59392K, 0% used [0x00000007f7600000,0x00000007f7600000,0x00000007fb000000)
 ParOldGen       total 667648K, used 124259K [0x00000007c0000000, 0x00000007e8c00000, 0x00000007eaa80000)
  object space 667648K, 18% used [0x00000007c0000000,0x00000007c7958f48,0x00000007e8c00000)
 PSPermGen       total 153600K, used 125371K [0x00000007b0000000, 0x00000007b9600000, 0x00000007c0000000)
  object space 153600K, 81% used [0x00000007b0000000,0x00000007b7a6ef08,0x00000007b9600000)
}
Event: 103771.765 GC heap before
{Heap before GC invocations=345 (full 99):
 PSYoungGen      total 165888K, used 165688K [0x00000007eaa80000, 0x00000007fb000000, 0x0000000800000000)
  eden space 148480K, 100% used [0x00000007eaa80000,0x00000007f3b80000,0x00000007f3b80000)
  from space 17408K, 98% used [0x00000007f3b80000,0x00000007f4c4e248,0x00000007f4c80000)
  to   space 59392K, 0% used [0x00000007f7600000,0x00000007f7600000,0x00000007fb000000)
 ParOldGen       total 667648K, used 124259K [0x00000007c0000000, 0x00000007e8c00000, 0x00000007eaa80000)
  object space 667648K, 18% used [0x00000007c0000000,0x00000007c7958f48,0x00000007e8c00000)
 PSPermGen       total 153600K, used 133355K [0x00000007b0000000, 0x00000007b9600000, 0x00000007c0000000)
  object space 153600K, 86% used [0x00000007b0000000,0x00000007b823ada8,0x00000007b9600000)
Event: 103771.801 GC heap after
Heap after GC invocations=345 (full 99):
 PSYoungGen      total 208384K, used 35803K [0x00000007eaa80000, 0x00000007fb000000, 0x0000000800000000)
  eden space 148992K, 0% used [0x00000007eaa80000,0x00000007eaa80000,0x00000007f3c00000)
  from space 59392K, 60% used [0x00000007f7600000,0x00000007f98f6ca0,0x00000007fb000000)
  to   space 59392K, 0% used [0x00000007f3c00000,0x00000007f3c00000,0x00000007f7600000)
 ParOldGen       total 667648K, used 124259K [0x00000007c0000000, 0x00000007e8c00000, 0x00000007eaa80000)
  object space 667648K, 18% used [0x00000007c0000000,0x00000007c7958f48,0x00000007e8c00000)
 PSPermGen       total 153600K, used 133355K [0x00000007b0000000, 0x00000007b9600000, 0x00000007c0000000)
  object space 153600K, 86% used [0x00000007b0000000,0x00000007b823ada8,0x00000007b9600000)
}
Event: 103819.023 GC heap before
{Heap before GC invocations=346 (full 99):
 PSYoungGen      total 208384K, used 129334K [0x00000007eaa80000, 0x00000007fb000000, 0x0000000800000000)
  eden space 148992K, 62% used [0x00000007eaa80000,0x00000007f05d6c50,0x00000007f3c00000)
  from space 59392K, 60% used [0x00000007f7600000,0x00000007f98f6ca0,0x00000007fb000000)
  to   space 59392K, 0% used [0x00000007f3c00000,0x00000007f3c00000,0x00000007f7600000)
 ParOldGen       total 667648K, used 124259K [0x00000007c0000000, 0x00000007e8c00000, 0x00000007eaa80000)
  object space 667648K, 18% used [0x00000007c0000000,0x00000007c7958f48,0x00000007e8c00000)
 PSPermGen       total 153600K, used 134448K [0x00000007b0000000, 0x00000007b9600000, 0x00000007c0000000)
  object space 153600K, 87% used [0x00000007b0000000,0x00000007b834c338,0x00000007b9600000)
Event: 103819.069 GC heap after
Heap after GC invocations=346 (full 99):
 PSYoungGen      total 180736K, used 31694K [0x00000007eaa80000, 0x00000007fad00000, 0x0000000800000000)
  eden space 148992K, 0% used [0x00000007eaa80000,0x00000007eaa80000,0x00000007f3c00000)
  from space 31744K, 99% used [0x00000007f3c00000,0x00000007f5af3ad0,0x00000007f5b00000)
  to   space 57856K, 0% used [0x00000007f7480000,0x00000007f7480000,0x00000007fad00000)
 ParOldGen       total 667648K, used 124259K [0x00000007c0000000, 0x00000007e8c00000, 0x00000007eaa80000)
  object space 667648K, 18% used [0x00000007c0000000,0x00000007c7958f48,0x00000007e8c00000)
 PSPermGen       total 153600K, used 134448K [0x00000007b0000000, 0x00000007b9600000, 0x00000007c0000000)
  object space 153600K, 87% used [0x00000007b0000000,0x00000007b834c338,0x00000007b9600000)
}
Event: 103819.069 GC heap before
{Heap before GC invocations=347 (full 100):
 PSYoungGen      total 180736K, used 31694K [0x00000007eaa80000, 0x00000007fad00000, 0x0000000800000000)
  eden space 148992K, 0% used [0x00000007eaa80000,0x00000007eaa80000,0x00000007f3c00000)
  from space 31744K, 99% used [0x00000007f3c00000,0x00000007f5af3ad0,0x00000007f5b00000)
  to   space 57856K, 0% used [0x00000007f7480000,0x00000007f7480000,0x00000007fad00000)
 ParOldGen       total 667648K, used 124259K [0x00000007c0000000, 0x00000007e8c00000, 0x00000007eaa80000)
  object space 667648K, 18% used [0x00000007c0000000,0x00000007c7958f48,0x00000007e8c00000)
 PSPermGen       total 153600K, used 134448K [0x00000007b0000000, 0x00000007b9600000, 0x00000007c0000000)
  object space 153600K, 87% used [0x00000007b0000000,0x00000007b834c338,0x00000007b9600000)
Event: 103819.926 GC heap after
Heap after GC invocations=347 (full 100):
 PSYoungGen      total 180736K, used 0K [0x00000007eaa80000, 0x00000007fad00000, 0x0000000800000000)
  eden space 148992K, 0% used [0x00000007eaa80000,0x00000007eaa80000,0x00000007f3c00000)
  from space 31744K, 0% used [0x00000007f3c00000,0x00000007f3c00000,0x00000007f5b00000)
  to   space 57856K, 0% used [0x00000007f7480000,0x00000007f7480000,0x00000007fad00000)
 ParOldGen       total 667648K, used 117071K [0x00000007c0000000, 0x00000007e8c00000, 0x00000007eaa80000)
  object space 667648K, 17% used [0x00000007c0000000,0x00000007c7253e90,0x00000007e8c00000)
 PSPermGen       total 168448K, used 133727K [0x00000007b0000000, 0x00000007ba480000, 0x00000007c0000000)
  object space 168448K, 79% used [0x00000007b0000000,0x00000007b8297f30,0x00000007ba480000)
}
Event: 104484.446 GC heap before
{Heap before GC invocations=348 (full 100):
 PSYoungGen      total 180736K, used 148992K [0x00000007eaa80000, 0x00000007fad00000, 0x0000000800000000)
  eden space 148992K, 100% used [0x00000007eaa80000,0x00000007f3c00000,0x00000007f3c00000)
  from space 31744K, 0% used [0x00000007f3c00000,0x00000007f3c00000,0x00000007f5b00000)
  to   space 57856K, 0% used [0x00000007f7480000,0x00000007f7480000,0x00000007fad00000)
 ParOldGen       total 667648K, used 117071K [0x00000007c0000000, 0x00000007e8c00000, 0x00000007eaa80000)
  object space 667648K, 17% used [0x00000007c0000000,0x00000007c7253e90,0x00000007e8c00000)
 PSPermGen       total 168448K, used 140447K [0x00000007b0000000, 0x00000007ba480000, 0x00000007c0000000)
  object space 168448K, 83% used [0x00000007b0000000,0x00000007b8927d78,0x00000007ba480000)
Event: 104484.467 GC heap after
Heap after GC invocations=348 (full 100):
 PSYoungGen      total 205824K, used 16076K [0x00000007eaa80000, 0x00000007fab80000, 0x0000000800000000)
  eden space 149504K, 0% used [0x00000007eaa80000,0x00000007eaa80000,0x00000007f3c80000)
  from space 56320K, 28% used [0x00000007f7480000,0x00000007f8433178,0x00000007fab80000)
  to   space 56832K, 0% used [0x00000007f3c80000,0x00000007f3c80000,0x00000007f7400000)
 ParOldGen       total 667648K, used 117071K [0x00000007c0000000, 0x00000007e8c00000, 0x00000007eaa80000)
  object space 667648K, 17% used [0x00000007c0000000,0x00000007c7253e90,0x00000007e8c00000)
 PSPermGen       total 168448K, used 140447K [0x00000007b0000000, 0x00000007ba480000, 0x00000007c0000000)
  object space 168448K, 83% used [0x00000007b0000000,0x00000007b8927d78,0x00000007ba480000)
}

