# JRE version: Java(TM) SE Runtime Environment (7.0_45-b18) (build 1.7.0_45-b18)
# Java VM: Java HotSpot(TM) 64-Bit Server VM (24.45-b08 mixed mode bsd-amd64 compressed oops)
Heap
 PSYoungGen      total 236032K, used 191482K [0x00000007eaa80000, 0x00000007fc500000, 0x0000000800000000)
  eden space 188928K, 100% used [0x00000007eaa80000,0x00000007f6300000,0x00000007f6300000)
  from space 47104K, 5% used [0x00000007f9300000,0x00000007f957e858,0x00000007fc100000)
  to   space 49152K, 0% used [0x00000007f6300000,0x00000007f6300000,0x00000007f9300000)
 ParOldGen       total 131072K, used 131065K [0x00000007c0000000, 0x00000007c8000000, 0x00000007eaa80000)
  object space 131072K, 99% used [0x00000007c0000000,0x00000007c7ffe638,0x00000007c8000000)
 PSPermGen       total 219648K, used 197561K [0x00000007b0000000, 0x00000007bd680000, 0x00000007c0000000)
  object space 219648K, 89% used [0x00000007b0000000,0x00000007bc0ee490,0x00000007bd680000)
GC Heap History (10 events):
Event: 9222.585 GC heap after
Heap after GC invocations=68 (full 19):
 PSYoungGen      total 211456K, used 18157K [0x00000007eaa80000, 0x00000007fc600000, 0x0000000800000000)
  eden space 164864K, 0% used [0x00000007eaa80000,0x00000007eaa80000,0x00000007f4b80000)
  from space 46592K, 38% used [0x00000007f4b80000,0x00000007f5d3b5c8,0x00000007f7900000)
  to   space 45056K, 0% used [0x00000007f9a00000,0x00000007f9a00000,0x00000007fc600000)
 ParOldGen       total 131072K, used 101037K [0x00000007c0000000, 0x00000007c8000000, 0x00000007eaa80000)
  object space 131072K, 77% used [0x00000007c0000000,0x00000007c62ab7a8,0x00000007c8000000)
 PSPermGen       total 201728K, used 179204K [0x00000007b0000000, 0x00000007bc500000, 0x00000007c0000000)
  object space 201728K, 88% used [0x00000007b0000000,0x00000007baf01030,0x00000007bc500000)
}
Event: 9630.031 GC heap before
{Heap before GC invocations=69 (full 19):
 PSYoungGen      total 211456K, used 183021K [0x00000007eaa80000, 0x00000007fc600000, 0x0000000800000000)
  eden space 164864K, 100% used [0x00000007eaa80000,0x00000007f4b80000,0x00000007f4b80000)
  from space 46592K, 38% used [0x00000007f4b80000,0x00000007f5d3b5c8,0x00000007f7900000)
  to   space 45056K, 0% used [0x00000007f9a00000,0x00000007f9a00000,0x00000007fc600000)
 ParOldGen       total 131072K, used 101037K [0x00000007c0000000, 0x00000007c8000000, 0x00000007eaa80000)
  object space 131072K, 77% used [0x00000007c0000000,0x00000007c62ab7a8,0x00000007c8000000)
 PSPermGen       total 201728K, used 181231K [0x00000007b0000000, 0x00000007bc500000, 0x00000007c0000000)
  object space 201728K, 89% used [0x00000007b0000000,0x00000007bb0fbe78,0x00000007bc500000)
Event: 9630.071 GC heap after
Heap after GC invocations=69 (full 19):
 PSYoungGen      total 178688K, used 19793K [0x00000007eaa80000, 0x00000007fad80000, 0x0000000800000000)
  eden space 158720K, 0% used [0x00000007eaa80000,0x00000007eaa80000,0x00000007f4580000)
  from space 19968K, 99% used [0x00000007f9a00000,0x00000007fad54658,0x00000007fad80000)
  to   space 43520K, 0% used [0x00000007f5880000,0x00000007f5880000,0x00000007f8300000)
 ParOldGen       total 131072K, used 101037K [0x00000007c0000000, 0x00000007c8000000, 0x00000007eaa80000)
  object space 131072K, 77% used [0x00000007c0000000,0x00000007c62ab7a8,0x00000007c8000000)
 PSPermGen       total 201728K, used 181231K [0x00000007b0000000, 0x00000007bc500000, 0x00000007c0000000)
  object space 201728K, 89% used [0x00000007b0000000,0x00000007bb0fbe78,0x00000007bc500000)
}
Event: 9631.453 GC heap before
{Heap before GC invocations=70 (full 19):
 PSYoungGen      total 178688K, used 178513K [0x00000007eaa80000, 0x00000007fad80000, 0x0000000800000000)
  eden space 158720K, 100% used [0x00000007eaa80000,0x00000007f4580000,0x00000007f4580000)
  from space 19968K, 99% used [0x00000007f9a00000,0x00000007fad54658,0x00000007fad80000)
  to   space 43520K, 0% used [0x00000007f5880000,0x00000007f5880000,0x00000007f8300000)
 ParOldGen       total 131072K, used 101037K [0x00000007c0000000, 0x00000007c8000000, 0x00000007eaa80000)
  object space 131072K, 77% used [0x00000007c0000000,0x00000007c62ab7a8,0x00000007c8000000)
 PSPermGen       total 201728K, used 188702K [0x00000007b0000000, 0x00000007bc500000, 0x00000007c0000000)
  object space 201728K, 93% used [0x00000007b0000000,0x00000007bb847a80,0x00000007bc500000)
Event: 9631.496 GC heap after
Heap after GC invocations=70 (full 19):
 PSYoungGen      total 221696K, used 38261K [0x00000007eaa80000, 0x00000007fc100000, 0x0000000800000000)
  eden space 178176K, 0% used [0x00000007eaa80000,0x00000007eaa80000,0x00000007f5880000)
  from space 43520K, 87% used [0x00000007f5880000,0x00000007f7ddd400,0x00000007f8300000)
  to   space 47104K, 0% used [0x00000007f9300000,0x00000007f9300000,0x00000007fc100000)
 ParOldGen       total 131072K, used 101037K [0x00000007c0000000, 0x00000007c8000000, 0x00000007eaa80000)
  object space 131072K, 77% used [0x00000007c0000000,0x00000007c62ab7a8,0x00000007c8000000)
 PSPermGen       total 201728K, used 188702K [0x00000007b0000000, 0x00000007bc500000, 0x00000007c0000000)
  object space 201728K, 93% used [0x00000007b0000000,0x00000007bb847a80,0x00000007bc500000)
}
Event: 9639.747 GC heap before
{Heap before GC invocations=71 (full 19):
 PSYoungGen      total 221696K, used 140780K [0x00000007eaa80000, 0x00000007fc100000, 0x0000000800000000)
  eden space 178176K, 57% used [0x00000007eaa80000,0x00000007f0e9df10,0x00000007f5880000)
  from space 43520K, 87% used [0x00000007f5880000,0x00000007f7ddd400,0x00000007f8300000)
  to   space 47104K, 0% used [0x00000007f9300000,0x00000007f9300000,0x00000007fc100000)
 ParOldGen       total 131072K, used 101037K [0x00000007c0000000, 0x00000007c8000000, 0x00000007eaa80000)
  object space 131072K, 77% used [0x00000007c0000000,0x00000007c62ab7a8,0x00000007c8000000)
 PSPermGen       total 201728K, used 190289K [0x00000007b0000000, 0x00000007bc500000, 0x00000007c0000000)
  object space 201728K, 94% used [0x00000007b0000000,0x00000007bb9d4660,0x00000007bc500000)
Event: 9639.800 GC heap after
Heap after GC invocations=71 (full 19):
 PSYoungGen      total 236032K, used 34991K [0x00000007eaa80000, 0x00000007fc500000, 0x0000000800000000)
  eden space 188928K, 0% used [0x00000007eaa80000,0x00000007eaa80000,0x00000007f6300000)
  from space 47104K, 74% used [0x00000007f9300000,0x00000007fb52bca0,0x00000007fc100000)
  to   space 49152K, 0% used [0x00000007f6300000,0x00000007f6300000,0x00000007f9300000)
 ParOldGen       total 131072K, used 101037K [0x00000007c0000000, 0x00000007c8000000, 0x00000007eaa80000)
  object space 131072K, 77% used [0x00000007c0000000,0x00000007c62ab7a8,0x00000007c8000000)
 PSPermGen       total 201728K, used 190289K [0x00000007b0000000, 0x00000007bc500000, 0x00000007c0000000)
  object space 201728K, 94% used [0x00000007b0000000,0x00000007bb9d4660,0x00000007bc500000)
}
Event: 9639.800 GC heap before
{Heap before GC invocations=72 (full 20):
 PSYoungGen      total 236032K, used 34991K [0x00000007eaa80000, 0x00000007fc500000, 0x0000000800000000)
  eden space 188928K, 0% used [0x00000007eaa80000,0x00000007eaa80000,0x00000007f6300000)
  from space 47104K, 74% used [0x00000007f9300000,0x00000007fb52bca0,0x00000007fc100000)
  to   space 49152K, 0% used [0x00000007f6300000,0x00000007f6300000,0x00000007f9300000)
 ParOldGen       total 131072K, used 101037K [0x00000007c0000000, 0x00000007c8000000, 0x00000007eaa80000)
  object space 131072K, 77% used [0x00000007c0000000,0x00000007c62ab7a8,0x00000007c8000000)
 PSPermGen       total 201728K, used 190289K [0x00000007b0000000, 0x00000007bc500000, 0x00000007c0000000)
  object space 201728K, 94% used [0x00000007b0000000,0x00000007bb9d4660,0x00000007bc500000)
Event: 9641.227 GC heap after
Heap after GC invocations=72 (full 20):
 PSYoungGen      total 236032K, used 2554K [0x00000007eaa80000, 0x00000007fc500000, 0x0000000800000000)
  eden space 188928K, 0% used [0x00000007eaa80000,0x00000007eaa80000,0x00000007f6300000)
  from space 47104K, 5% used [0x00000007f9300000,0x00000007f957e858,0x00000007fc100000)
  to   space 49152K, 0% used [0x00000007f6300000,0x00000007f6300000,0x00000007f9300000)
 ParOldGen       total 131072K, used 131065K [0x00000007c0000000, 0x00000007c8000000, 0x00000007eaa80000)
  object space 131072K, 99% used [0x00000007c0000000,0x00000007c7ffe638,0x00000007c8000000)
 PSPermGen       total 219648K, used 190209K [0x00000007b0000000, 0x00000007bd680000, 0x00000007c0000000)
  object space 219648K, 86% used [0x00000007b0000000,0x00000007bb9c0510,0x00000007bd680000)
}
Event: 9681.067 GC heap before
{Heap before GC invocations=73 (full 21):
 PSYoungGen      total 236032K, used 191482K [0x00000007eaa80000, 0x00000007fc500000, 0x0000000800000000)
  eden space 188928K, 100% used [0x00000007eaa80000,0x00000007f6300000,0x00000007f6300000)
  from space 47104K, 5% used [0x00000007f9300000,0x00000007f957e858,0x00000007fc100000)
  to   space 49152K, 0% used [0x00000007f6300000,0x00000007f6300000,0x00000007f9300000)
 ParOldGen       total 131072K, used 131065K [0x00000007c0000000, 0x00000007c8000000, 0x00000007eaa80000)
  object space 131072K, 99% used [0x00000007c0000000,0x00000007c7ffe638,0x00000007c8000000)
 PSPermGen       total 219648K, used 197561K [0x00000007b0000000, 0x00000007bd680000, 0x00000007c0000000)
  object space 219648K, 89% used [0x00000007b0000000,0x00000007bc0ee490,0x00000007bd680000)

